                      :-) GROMACS - gmx mdrun, 2019.4 (-:

                            GROMACS is written by:
     Emile Apol      Rossen Apostolov      Paul Bauer     Herman J.C. Berendsen
    Par Bjelkmar      Christian Blau   Viacheslav Bolnykh     Kevin Boyd    
 Aldert van Buuren   Rudi van Drunen     Anton Feenstra       Alan Gray     
  Gerrit Groenhof     Anca Hamuraru    Vincent Hindriksen  M. Eric Irrgang  
  Aleksei Iupinov   Christoph Junghans     Joe Jordan     Dimitrios Karkoulis
    Peter Kasson        Jiri Kraus      Carsten Kutzner      Per Larsson    
  Justin A. Lemkul    Viveca Lindahl    Magnus Lundborg     Erik Marklund   
    Pascal Merz     Pieter Meulenhoff    Teemu Murtola       Szilard Pall   
    Sander Pronk      Roland Schulz      Michael Shirts    Alexey Shvetsov  
   Alfons Sijbers     Peter Tieleman      Jon Vincent      Teemu Virolainen 
 Christian Wennberg    Maarten Wolf   
                           and the project leaders:
        Mark Abraham, Berk Hess, Erik Lindahl, and David van der Spoel

Copyright (c) 1991-2000, University of Groningen, The Netherlands.
Copyright (c) 2001-2018, The GROMACS development team at
Uppsala University, Stockholm University and
the Royal Institute of Technology, Sweden.
check out http://www.gromacs.org for more information.

GROMACS is free software; you can redistribute it and/or modify it
under the terms of the GNU Lesser General Public License
as published by the Free Software Foundation; either version 2.1
of the License, or (at your option) any later version.

GROMACS:      gmx mdrun, version 2019.4
Executable:   /home/sl302/softwares/GGMT_GMX/Intel_Compiled/gromacs-2019.4/bin/gmx_mpi
Data prefix:  /home/sl302/softwares/GGMT_GMX/Intel_Compiled/gromacs-2019.4
Working dir:  /home/chitresh/che_project/methane
Process ID:   17468
Command line:
  gmx_mpi mdrun -deffnm nvt

GROMACS version:    2019.4
Precision:          single
Memory model:       64 bit
MPI library:        MPI
OpenMP support:     enabled (GMX_OPENMP_MAX_THREADS = 64)
GPU support:        disabled
SIMD instructions:  AVX_256
FFT library:        fftw-3.3.8-sse2-avx
RDTSCP usage:       enabled
TNG support:        enabled
Hwloc support:      hwloc-1.5
Tracing support:    disabled
C compiler:         /opt/Intel_oneAPI/mpi/2021.1.1/bin/mpicc GNU 7.4.0
C compiler flags:    -mavx     -O3 -DNDEBUG -funroll-all-loops -fexcess-precision=fast  
C++ compiler:       /opt/Intel_oneAPI/mpi/2021.1.1/bin/mpicxx GNU 7.4.0
C++ compiler flags:  -mavx    -std=c++11   -O3 -DNDEBUG -funroll-all-loops -fexcess-precision=fast  


Running on 1 node with total 16 cores, 16 logical cores
Hardware detected on host tokyo.iitk.ac.in (the node of MPI rank 0):
  CPU info:
    Vendor: Intel
    Brand:  Intel(R) Xeon(R) CPU E5-2650 v2 @ 2.60GHz
    Family: 6   Model: 62   Stepping: 4
    Features: aes apic avx clfsh cmov cx8 cx16 f16c htt intel lahf mmx msr nonstop_tsc pcid pclmuldq pdcm pdpe1gb popcnt pse rdrnd rdtscp sse2 sse3 sse4.1 sse4.2 ssse3 tdt x2apic
  Hardware topology: Full, with devices
    Sockets, cores, and logical processors:
      Socket  0: [   0] [   1] [   2] [   3] [   4] [   5] [   6] [   7]
      Socket  1: [   8] [   9] [  10] [  11] [  12] [  13] [  14] [  15]
    Numa nodes:
      Node  0 (17128620032 bytes mem):   0   1   2   3   4   5   6   7
      Node  1 (17179869184 bytes mem):   8   9  10  11  12  13  14  15
      Latency:
               0     1
         0  1.00  2.00
         1  2.00  1.00
    Caches:
      L1: 32768 bytes, linesize 64 bytes, assoc. 8, shared 1 ways
      L2: 262144 bytes, linesize 64 bytes, assoc. 8, shared 1 ways
      L3: 20971520 bytes, linesize 64 bytes, assoc. 20, shared 8 ways
    PCI devices:
      0000:01:00.0  Id: 1000:0079  Class: 0x0104  Numa: 0
      0000:04:00.0  Id: 8086:150a  Class: 0x0200  Numa: 0
      0000:04:00.1  Id: 8086:150a  Class: 0x0200  Numa: 0
      0000:06:00.0  Id: 1077:7322  Class: 0x0c06  Numa: 0
      0000:08:00.0  Id: 8086:1521  Class: 0x0200  Numa: 0
      0000:08:00.1  Id: 8086:1521  Class: 0x0200  Numa: 0
      0000:0a:00.0  Id: 102b:0522  Class: 0x0300  Numa: 0
      0000:0a:00.1  Id: 19a2:0800  Class: 0x0b40  Numa: 0
      0000:00:1f.2  Id: 8086:1d02  Class: 0x0106  Numa: 0


++++ PLEASE READ AND CITE THE FOLLOWING REFERENCE ++++
M. J. Abraham, T. Murtola, R. Schulz, S. Páll, J. C. Smith, B. Hess, E.
Lindahl
GROMACS: High performance molecular simulations through multi-level
parallelism from laptops to supercomputers
SoftwareX 1 (2015) pp. 19-25
-------- -------- --- Thank You --- -------- --------


++++ PLEASE READ AND CITE THE FOLLOWING REFERENCE ++++
S. Páll, M. J. Abraham, C. Kutzner, B. Hess, E. Lindahl
Tackling Exascale Software Challenges in Molecular Dynamics Simulations with
GROMACS
In S. Markidis & E. Laure (Eds.), Solving Software Challenges for Exascale 8759 (2015) pp. 3-27
-------- -------- --- Thank You --- -------- --------


++++ PLEASE READ AND CITE THE FOLLOWING REFERENCE ++++
S. Pronk, S. Páll, R. Schulz, P. Larsson, P. Bjelkmar, R. Apostolov, M. R.
Shirts, J. C. Smith, P. M. Kasson, D. van der Spoel, B. Hess, and E. Lindahl
GROMACS 4.5: a high-throughput and highly parallel open source molecular
simulation toolkit
Bioinformatics 29 (2013) pp. 845-54
-------- -------- --- Thank You --- -------- --------


++++ PLEASE READ AND CITE THE FOLLOWING REFERENCE ++++
B. Hess and C. Kutzner and D. van der Spoel and E. Lindahl
GROMACS 4: Algorithms for highly efficient, load-balanced, and scalable
molecular simulation
J. Chem. Theory Comput. 4 (2008) pp. 435-447
-------- -------- --- Thank You --- -------- --------


++++ PLEASE READ AND CITE THE FOLLOWING REFERENCE ++++
D. van der Spoel, E. Lindahl, B. Hess, G. Groenhof, A. E. Mark and H. J. C.
Berendsen
GROMACS: Fast, Flexible and Free
J. Comp. Chem. 26 (2005) pp. 1701-1719
-------- -------- --- Thank You --- -------- --------


++++ PLEASE READ AND CITE THE FOLLOWING REFERENCE ++++
E. Lindahl and B. Hess and D. van der Spoel
GROMACS 3.0: A package for molecular simulation and trajectory analysis
J. Mol. Mod. 7 (2001) pp. 306-317
-------- -------- --- Thank You --- -------- --------


++++ PLEASE READ AND CITE THE FOLLOWING REFERENCE ++++
H. J. C. Berendsen, D. van der Spoel and R. van Drunen
GROMACS: A message-passing parallel molecular dynamics implementation
Comp. Phys. Comm. 91 (1995) pp. 43-56
-------- -------- --- Thank You --- -------- --------


++++ PLEASE CITE THE DOI FOR THIS VERSION OF GROMACS ++++
https://doi.org/10.5281/zenodo.3460414
-------- -------- --- Thank You --- -------- --------

Input Parameters:
   integrator                     = md
   tinit                          = 0
   dt                             = 0.002
   nsteps                         = 50000
   init-step                      = 0
   simulation-part                = 1
   comm-mode                      = Linear
   nstcomm                        = 100
   bd-fric                        = 0
   ld-seed                        = -1981636901
   emtol                          = 10
   emstep                         = 0.01
   niter                          = 20
   fcstep                         = 0
   nstcgsteep                     = 1000
   nbfgscorr                      = 10
   rtpi                           = 0.05
   nstxout                        = 500
   nstvout                        = 500
   nstfout                        = 0
   nstlog                         = 500
   nstcalcenergy                  = 100
   nstenergy                      = 500
   nstxout-compressed             = 0
   compressed-x-precision         = 1000
   cutoff-scheme                  = Verlet
   nstlist                        = 10
   ns-type                        = Grid
   pbc                            = xyz
   periodic-molecules             = false
   verlet-buffer-tolerance        = 0.005
   rlist                          = 1.5
   coulombtype                    = PME
   coulomb-modifier               = Potential-shift
   rcoulomb-switch                = 0
   rcoulomb                       = 1.5
   epsilon-r                      = 1
   epsilon-rf                     = inf
   vdw-type                       = Cut-off
   vdw-modifier                   = Potential-shift
   rvdw-switch                    = 0
   rvdw                           = 1.5
   DispCorr                       = EnerPres
   table-extension                = 1
   fourierspacing                 = 0.16
   fourier-nx                     = 25
   fourier-ny                     = 25
   fourier-nz                     = 25
   pme-order                      = 4
   ewald-rtol                     = 1e-05
   ewald-rtol-lj                  = 0.001
   lj-pme-comb-rule               = Geometric
   ewald-geometry                 = 0
   epsilon-surface                = 0
   tcoupl                         = V-rescale
   nsttcouple                     = 10
   nh-chain-length                = 0
   print-nose-hoover-chain-variables = false
   tau_ggmt                       = 1
   n_respa_ggmt                   = 1
   pcoupl                         = No
   pcoupltype                     = Isotropic
   nstpcouple                     = -1
   tau-p                          = 1
   compressibility (3x3):
      compressibility[    0]={ 0.00000e+00,  0.00000e+00,  0.00000e+00}
      compressibility[    1]={ 0.00000e+00,  0.00000e+00,  0.00000e+00}
      compressibility[    2]={ 0.00000e+00,  0.00000e+00,  0.00000e+00}
   ref-p (3x3):
      ref-p[    0]={ 0.00000e+00,  0.00000e+00,  0.00000e+00}
      ref-p[    1]={ 0.00000e+00,  0.00000e+00,  0.00000e+00}
      ref-p[    2]={ 0.00000e+00,  0.00000e+00,  0.00000e+00}
   refcoord-scaling               = No
   posres-com (3):
      posres-com[0]= 0.00000e+00
      posres-com[1]= 0.00000e+00
      posres-com[2]= 0.00000e+00
   posres-comB (3):
      posres-comB[0]= 0.00000e+00
      posres-comB[1]= 0.00000e+00
      posres-comB[2]= 0.00000e+00
   QMMM                           = false
   QMconstraints                  = 0
   QMMMscheme                     = 0
   MMChargeScaleFactor            = 1
qm-opts:
   ngQM                           = 0
   constraint-algorithm           = Lincs
   continuation                   = false
   Shake-SOR                      = false
   shake-tol                      = 0.0001
   lincs-order                    = 4
   lincs-iter                     = 1
   lincs-warnangle                = 30
   nwall                          = 0
   wall-type                      = 9-3
   wall-r-linpot                  = -1
   wall-atomtype[0]               = -1
   wall-atomtype[1]               = -1
   wall-density[0]                = 0
   wall-density[1]                = 0
   wall-ewald-zfac                = 3
   pull                           = false
   awh                            = false
   rotation                       = false
   interactiveMD                  = false
   disre                          = No
   disre-weighting                = Conservative
   disre-mixed                    = false
   dr-fc                          = 1000
   dr-tau                         = 0
   nstdisreout                    = 100
   orire-fc                       = 0
   orire-tau                      = 0
   nstorireout                    = 100
   free-energy                    = no
   cos-acceleration               = 0
   deform (3x3):
      deform[    0]={ 0.00000e+00,  0.00000e+00,  0.00000e+00}
      deform[    1]={ 0.00000e+00,  0.00000e+00,  0.00000e+00}
      deform[    2]={ 0.00000e+00,  0.00000e+00,  0.00000e+00}
   simulated-tempering            = false
   swapcoords                     = no
   userint1                       = 0
   userint2                       = 0
   userint3                       = 0
   userint4                       = 0
   userreal1                      = 0
   userreal2                      = 0
   userreal3                      = 0
   userreal4                      = 0
   applied-forces:
     electric-field:
       x:
         E0                       = 0
         omega                    = 0
         t0                       = 0
         sigma                    = 0
       y:
         E0                       = 0
         omega                    = 0
         t0                       = 0
         sigma                    = 0
       z:
         E0                       = 0
         omega                    = 0
         t0                       = 0
         sigma                    = 0
grpopts:
   nrdf:        2197
   ref-t:         300
   tau-t:         0.1
annealing:          No
annealing-npoints:           0
   acc:	           0           0           0
   nfreeze:           N           N           N
   energygrp-flags[  0]: 0

Changing nstlist from 10 to 100, rlist from 1.5 to 1.5

Using 1 MPI process
Using 16 OpenMP threads 

Pinning threads with an auto-selected logical core stride of 1
System total charge: 0.000
Will do PME sum in reciprocal space for electrostatic interactions.

++++ PLEASE READ AND CITE THE FOLLOWING REFERENCE ++++
U. Essmann, L. Perera, M. L. Berkowitz, T. Darden, H. Lee and L. G. Pedersen 
A smooth particle mesh Ewald method
J. Chem. Phys. 103 (1995) pp. 8577-8592
-------- -------- --- Thank You --- -------- --------

Using a Gaussian width (1/beta) of 0.480244 nm for Ewald
Potential shift: LJ r^-12: -7.707e-03 r^-6: -8.779e-02, Ewald -6.667e-06
Initialized non-bonded Ewald correction tables, spacing: 1.14e-03 size: 1314

Long Range LJ corr.: <C6> 3.1932e-04
Generated table with 1250 data points for Ewald.
Tabscale = 500 points/nm
Generated table with 1250 data points for LJ6.
Tabscale = 500 points/nm
Generated table with 1250 data points for LJ12.
Tabscale = 500 points/nm

Using SIMD 4x4 nonbonded short-range kernels

Using a 4x4 pair-list setup:
  updated every 100 steps, buffer 0.000 nm, rlist 1.500 nm
At tolerance 0.005 kJ/mol/ps per atom, equivalent classical 1x1 list would be:
  updated every 100 steps, buffer 0.000 nm, rlist 1.500 nm

Using geometric Lennard-Jones combination rule

Removing pbc first time

Initializing LINear Constraint Solver

++++ PLEASE READ AND CITE THE FOLLOWING REFERENCE ++++
B. Hess and H. Bekker and H. J. C. Berendsen and J. G. E. M. Fraaije
LINCS: A Linear Constraint Solver for molecular simulations
J. Comp. Chem. 18 (1997) pp. 1463-1472
-------- -------- --- Thank You --- -------- --------

The number of constraints is 800
Center of mass motion removal mode is Linear
We have the following groups for center of mass motion removal:
  0:  rest

++++ PLEASE READ AND CITE THE FOLLOWING REFERENCE ++++
G. Bussi, D. Donadio and M. Parrinello
Canonical sampling through velocity rescaling
J. Chem. Phys. 126 (2007) pp. 014101
-------- -------- --- Thank You --- -------- --------

There are: 1000 Atoms

Constraining the starting coordinates (step 0)

Constraining the coordinates at t0-dt (step 0)
RMS relative constraint deviation after constraining: 3.13e-06
Initial temperature: 300.824 K

Started mdrun on rank 0 Wed Apr 13 16:34:50 2022

           Step           Time
              0        0.00000

   Energies (kJ/mol)
          Angle        LJ (SR)  Disper. corr.   Coulomb (SR)   Coul. recip.
    1.61197e+02   -9.11109e+01   -6.17834e+00   -1.65860e+00    1.41254e+00
 Position Rest.      Potential    Kinetic En.   Total Energy  Conserved En.
    4.87625e-04    6.36622e+01    2.74513e+03    2.80879e+03    2.80879e+03
    Temperature Pres. DC (bar) Pressure (bar)   Constr. rmsd
    3.00558e+02   -1.60666e+00    4.92495e+02    3.17482e-06

           Step           Time
            500        1.00000

   Energies (kJ/mol)
          Angle        LJ (SR)  Disper. corr.   Coulomb (SR)   Coul. recip.
    9.26193e+02   -2.30847e+02   -6.17834e+00   -1.47116e+00    1.32399e+00
 Position Rest.      Potential    Kinetic En.   Total Energy  Conserved En.
    8.34091e+02    1.52311e+03    2.60601e+03    4.12912e+03    2.87490e+03
    Temperature Pres. DC (bar) Pressure (bar)   Constr. rmsd
    2.85326e+02   -1.60666e+00   -2.55041e+02    4.51895e-06

           Step           Time
           1000        2.00000

   Energies (kJ/mol)
          Angle        LJ (SR)  Disper. corr.   Coulomb (SR)   Coul. recip.
    1.03978e+03   -2.26802e+02   -6.17834e+00   -1.45649e+00    1.44206e+00
 Position Rest.      Potential    Kinetic En.   Total Energy  Conserved En.
    4.77142e+02    1.28393e+03    2.85208e+03    4.13601e+03    2.88444e+03
    Temperature Pres. DC (bar) Pressure (bar)   Constr. rmsd
    3.12268e+02   -1.60666e+00    1.02308e+02    3.87426e-06

           Step           Time
           1500        3.00000

   Energies (kJ/mol)
          Angle        LJ (SR)  Disper. corr.   Coulomb (SR)   Coul. recip.
    1.11422e+03   -2.37045e+02   -6.17834e+00   -1.81821e+00    1.35419e+00
 Position Rest.      Potential    Kinetic En.   Total Energy  Conserved En.
    7.51794e+02    1.62232e+03    2.67261e+03    4.29493e+03    2.88965e+03
    Temperature Pres. DC (bar) Pressure (bar)   Constr. rmsd
    2.92619e+02   -1.60666e+00    1.90108e+02    3.85093e-06

           Step           Time
           2000        4.00000

   Energies (kJ/mol)
          Angle        LJ (SR)  Disper. corr.   Coulomb (SR)   Coul. recip.
    1.01781e+03   -2.50980e+02   -6.17834e+00   -1.88444e+00    1.47630e+00
 Position Rest.      Potential    Kinetic En.   Total Energy  Conserved En.
    5.63658e+02    1.32390e+03    2.82521e+03    4.14911e+03    2.87742e+03
    Temperature Pres. DC (bar) Pressure (bar)   Constr. rmsd
    3.09326e+02   -1.60666e+00    6.49373e+01    3.84079e-06

           Step           Time
           2500        5.00000

   Energies (kJ/mol)
          Angle        LJ (SR)  Disper. corr.   Coulomb (SR)   Coul. recip.
    1.10637e+03   -2.53934e+02   -6.17834e+00   -1.88162e+00    1.33794e+00
 Position Rest.      Potential    Kinetic En.   Total Energy  Conserved En.
    7.56643e+02    1.60235e+03    2.72984e+03    4.33219e+03    2.88376e+03
    Temperature Pres. DC (bar) Pressure (bar)   Constr. rmsd
    2.98884e+02   -1.60666e+00   -2.32657e+02    3.91061e-06

           Step           Time
           3000        6.00000

   Energies (kJ/mol)
          Angle        LJ (SR)  Disper. corr.   Coulomb (SR)   Coul. recip.
    1.07543e+03   -2.53819e+02   -6.17834e+00   -1.90261e+00    1.39415e+00
 Position Rest.      Potential    Kinetic En.   Total Energy  Conserved En.
    6.12299e+02    1.42722e+03    2.71499e+03    4.14221e+03    2.88227e+03
    Temperature Pres. DC (bar) Pressure (bar)   Constr. rmsd
    2.97258e+02   -1.60666e+00    1.17549e+02    3.60972e-06

           Step           Time
           3500        7.00000

   Energies (kJ/mol)
          Angle        LJ (SR)  Disper. corr.   Coulomb (SR)   Coul. recip.
    1.13931e+03   -2.58160e+02   -6.17834e+00   -1.53785e+00    1.40526e+00
 Position Rest.      Potential    Kinetic En.   Total Energy  Conserved En.
    7.03671e+02    1.57851e+03    2.71797e+03    4.29648e+03    2.88797e+03
    Temperature Pres. DC (bar) Pressure (bar)   Constr. rmsd
    2.97584e+02   -1.60666e+00    8.89189e+01    3.77205e-06

           Step           Time
           4000        8.00000

   Energies (kJ/mol)
          Angle        LJ (SR)  Disper. corr.   Coulomb (SR)   Coul. recip.
    1.12038e+03   -2.48414e+02   -6.17834e+00   -1.79724e+00    1.41305e+00
 Position Rest.      Potential    Kinetic En.   Total Energy  Conserved En.
    6.65284e+02    1.53069e+03    2.69032e+03    4.22101e+03    2.88755e+03
    Temperature Pres. DC (bar) Pressure (bar)   Constr. rmsd
    2.94557e+02   -1.60666e+00   -7.52044e+01    3.75902e-06

           Step           Time
           4500        9.00000

   Energies (kJ/mol)
          Angle        LJ (SR)  Disper. corr.   Coulomb (SR)   Coul. recip.
    1.11299e+03   -2.31584e+02   -6.17834e+00   -1.75480e+00    1.44172e+00
 Position Rest.      Potential    Kinetic En.   Total Energy  Conserved En.
    6.81240e+02    1.55615e+03    2.66616e+03    4.22231e+03    2.88492e+03
    Temperature Pres. DC (bar) Pressure (bar)   Constr. rmsd
    2.91912e+02   -1.60666e+00   -1.56927e+02    3.48252e-06

           Step           Time
           5000       10.00000

   Energies (kJ/mol)
          Angle        LJ (SR)  Disper. corr.   Coulomb (SR)   Coul. recip.
    1.09413e+03   -2.36494e+02   -6.17834e+00   -1.98439e+00    1.46540e+00
 Position Rest.      Potential    Kinetic En.   Total Energy  Conserved En.
    6.99737e+02    1.55067e+03    2.68194e+03    4.23262e+03    2.88503e+03
    Temperature Pres. DC (bar) Pressure (bar)   Constr. rmsd
    2.93640e+02   -1.60666e+00    1.15362e+02    3.74932e-06

           Step           Time
           5500       11.00000

   Energies (kJ/mol)
          Angle        LJ (SR)  Disper. corr.   Coulomb (SR)   Coul. recip.
    1.13023e+03   -2.54599e+02   -6.17834e+00   -1.53884e+00    1.42939e+00
 Position Rest.      Potential    Kinetic En.   Total Energy  Conserved En.
    7.31439e+02    1.60078e+03    2.77793e+03    4.37871e+03    2.88229e+03
    Temperature Pres. DC (bar) Pressure (bar)   Constr. rmsd
    3.04149e+02   -1.60666e+00    1.01409e+02    3.57944e-06

           Step           Time
           6000       12.00000

   Energies (kJ/mol)
          Angle        LJ (SR)  Disper. corr.   Coulomb (SR)   Coul. recip.
    1.13719e+03   -2.61500e+02   -6.17834e+00   -2.02288e+00    1.46648e+00
 Position Rest.      Potential    Kinetic En.   Total Energy  Conserved En.
    6.72878e+02    1.54184e+03    2.82144e+03    4.36328e+03    2.88457e+03
    Temperature Pres. DC (bar) Pressure (bar)   Constr. rmsd
    3.08914e+02   -1.60666e+00   -9.72917e+01    3.67904e-06

           Step           Time
           6500       13.00000

   Energies (kJ/mol)
          Angle        LJ (SR)  Disper. corr.   Coulomb (SR)   Coul. recip.
    1.21944e+03   -2.63443e+02   -6.17834e+00   -1.47274e+00    1.43380e+00
 Position Rest.      Potential    Kinetic En.   Total Energy  Conserved En.
    7.27773e+02    1.67756e+03    2.81001e+03    4.48757e+03    2.89219e+03
    Temperature Pres. DC (bar) Pressure (bar)   Constr. rmsd
    3.07662e+02   -1.60666e+00   -8.93643e+01    4.17303e-06

           Step           Time
           7000       14.00000

   Energies (kJ/mol)
          Angle        LJ (SR)  Disper. corr.   Coulomb (SR)   Coul. recip.
    1.17319e+03   -2.47456e+02   -6.17834e+00   -1.45579e+00    1.42331e+00
 Position Rest.      Potential    Kinetic En.   Total Energy  Conserved En.
    7.29297e+02    1.64882e+03    2.64116e+03    4.28998e+03    2.89108e+03
    Temperature Pres. DC (bar) Pressure (bar)   Constr. rmsd
    2.89174e+02   -1.60666e+00    4.55586e+01    3.46353e-06

           Step           Time
           7500       15.00000

   Energies (kJ/mol)
          Angle        LJ (SR)  Disper. corr.   Coulomb (SR)   Coul. recip.
    1.24199e+03   -2.45262e+02   -6.17834e+00   -1.36759e+00    1.46813e+00
 Position Rest.      Potential    Kinetic En.   Total Energy  Conserved En.
    6.72959e+02    1.66361e+03    2.80700e+03    4.47060e+03    2.89345e+03
    Temperature Pres. DC (bar) Pressure (bar)   Constr. rmsd
    3.07332e+02   -1.60666e+00    1.65652e+02    3.94434e-06

           Step           Time
           8000       16.00000

   Energies (kJ/mol)
          Angle        LJ (SR)  Disper. corr.   Coulomb (SR)   Coul. recip.
    1.11922e+03   -2.46290e+02   -6.17834e+00   -1.85962e+00    1.41327e+00
 Position Rest.      Potential    Kinetic En.   Total Energy  Conserved En.
    6.59994e+02    1.52630e+03    2.69654e+03    4.22284e+03    2.88445e+03
    Temperature Pres. DC (bar) Pressure (bar)   Constr. rmsd
    2.95238e+02   -1.60666e+00   -5.30235e+01    3.97266e-06

           Step           Time
           8500       17.00000

   Energies (kJ/mol)
          Angle        LJ (SR)  Disper. corr.   Coulomb (SR)   Coul. recip.
    1.22688e+03   -2.47861e+02   -6.17834e+00   -1.42636e+00    1.42589e+00
 Position Rest.      Potential    Kinetic En.   Total Energy  Conserved En.
    7.02966e+02    1.67580e+03    2.78956e+03    4.46537e+03    2.89034e+03
    Temperature Pres. DC (bar) Pressure (bar)   Constr. rmsd
    3.05423e+02   -1.60666e+00   -2.15387e+02    3.77436e-06

           Step           Time
           9000       18.00000

   Energies (kJ/mol)
          Angle        LJ (SR)  Disper. corr.   Coulomb (SR)   Coul. recip.
    1.19776e+03   -2.47115e+02   -6.17834e+00   -1.32548e+00    1.44098e+00
 Position Rest.      Potential    Kinetic En.   Total Energy  Conserved En.
    6.20869e+02    1.56545e+03    2.71802e+03    4.28347e+03    2.88922e+03
    Temperature Pres. DC (bar) Pressure (bar)   Constr. rmsd
    2.97590e+02   -1.60666e+00   -2.20032e+01    4.13925e-06

           Step           Time
           9500       19.00000

   Energies (kJ/mol)
          Angle        LJ (SR)  Disper. corr.   Coulomb (SR)   Coul. recip.
    1.19722e+03   -2.42897e+02   -6.17834e+00   -1.72817e+00    1.38597e+00
 Position Rest.      Potential    Kinetic En.   Total Energy  Conserved En.
    7.10695e+02    1.65850e+03    2.61505e+03    4.27354e+03    2.89021e+03
    Temperature Pres. DC (bar) Pressure (bar)   Constr. rmsd
    2.86316e+02   -1.60666e+00    1.01665e+02    3.37396e-06

           Step           Time
          10000       20.00000

   Energies (kJ/mol)
          Angle        LJ (SR)  Disper. corr.   Coulomb (SR)   Coul. recip.
    1.24568e+03   -2.62014e+02   -6.17834e+00   -1.07147e+00    1.35830e+00
 Position Rest.      Potential    Kinetic En.   Total Energy  Conserved En.
    7.10977e+02    1.68875e+03    3.01339e+03    4.70213e+03    2.88338e+03
    Temperature Pres. DC (bar) Pressure (bar)   Constr. rmsd
    3.29929e+02   -1.60666e+00   -7.48691e+01    4.34469e-06

           Step           Time
          10500       21.00000

   Energies (kJ/mol)
          Angle        LJ (SR)  Disper. corr.   Coulomb (SR)   Coul. recip.
    1.30485e+03   -2.67130e+02   -6.17834e+00   -9.90164e-01    1.43573e+00
 Position Rest.      Potential    Kinetic En.   Total Energy  Conserved En.
    6.82817e+02    1.71480e+03    2.79145e+03    4.50626e+03    2.89344e+03
    Temperature Pres. DC (bar) Pressure (bar)   Constr. rmsd
    3.05630e+02   -1.60666e+00   -2.72331e+02    3.67446e-06

           Step           Time
          11000       22.00000

   Energies (kJ/mol)
          Angle        LJ (SR)  Disper. corr.   Coulomb (SR)   Coul. recip.
    1.25469e+03   -2.70520e+02   -6.17834e+00   -1.64273e+00    1.44851e+00
 Position Rest.      Potential    Kinetic En.   Total Energy  Conserved En.
    6.84296e+02    1.66210e+03    2.76778e+03    4.42988e+03    2.89177e+03
    Temperature Pres. DC (bar) Pressure (bar)   Constr. rmsd
    3.03039e+02   -1.60666e+00    4.32877e+01    3.80875e-06

           Step           Time
          11500       23.00000

   Energies (kJ/mol)
          Angle        LJ (SR)  Disper. corr.   Coulomb (SR)   Coul. recip.
    1.26422e+03   -2.61522e+02   -6.17834e+00   -1.12970e+00    1.45411e+00
 Position Rest.      Potential    Kinetic En.   Total Energy  Conserved En.
    7.09247e+02    1.70609e+03    2.78922e+03    4.49531e+03    2.88857e+03
    Temperature Pres. DC (bar) Pressure (bar)   Constr. rmsd
    3.05385e+02   -1.60666e+00    1.87943e+02    3.86152e-06

           Step           Time
          12000       24.00000

   Energies (kJ/mol)
          Angle        LJ (SR)  Disper. corr.   Coulomb (SR)   Coul. recip.
    1.24400e+03   -2.57555e+02   -6.17834e+00   -1.27312e+00    1.45239e+00
 Position Rest.      Potential    Kinetic En.   Total Energy  Conserved En.
    7.29486e+02    1.70993e+03    2.85607e+03    4.56600e+03    2.88423e+03
    Temperature Pres. DC (bar) Pressure (bar)   Constr. rmsd
    3.12705e+02   -1.60666e+00   -4.49718e+01    4.12627e-06

           Step           Time
          12500       25.00000

   Energies (kJ/mol)
          Angle        LJ (SR)  Disper. corr.   Coulomb (SR)   Coul. recip.
    1.24249e+03   -2.63441e+02   -6.17834e+00   -1.04889e+00    1.46734e+00
 Position Rest.      Potential    Kinetic En.   Total Energy  Conserved En.
    6.94395e+02    1.66768e+03    2.78442e+03    4.45210e+03    2.88663e+03
    Temperature Pres. DC (bar) Pressure (bar)   Constr. rmsd
    3.04860e+02   -1.60666e+00   -2.21865e+02    4.08309e-06

           Step           Time
          13000       26.00000

   Energies (kJ/mol)
          Angle        LJ (SR)  Disper. corr.   Coulomb (SR)   Coul. recip.
    1.27765e+03   -2.43854e+02   -6.17834e+00   -1.77698e+00    1.47993e+00
 Position Rest.      Potential    Kinetic En.   Total Energy  Conserved En.
    6.82496e+02    1.70982e+03    2.87775e+03    4.58756e+03    2.88614e+03
    Temperature Pres. DC (bar) Pressure (bar)   Constr. rmsd
    3.15078e+02   -1.60666e+00    7.63888e+00    4.26060e-06

           Step           Time
          13500       27.00000

   Energies (kJ/mol)
          Angle        LJ (SR)  Disper. corr.   Coulomb (SR)   Coul. recip.
    1.19678e+03   -2.48797e+02   -6.17834e+00   -1.83248e+00    1.45132e+00
 Position Rest.      Potential    Kinetic En.   Total Energy  Conserved En.
    6.86157e+02    1.62758e+03    2.77706e+03    4.40463e+03    2.88404e+03
    Temperature Pres. DC (bar) Pressure (bar)   Constr. rmsd
    3.04054e+02   -1.60666e+00    1.85789e+02    3.77143e-06

           Step           Time
          14000       28.00000

   Energies (kJ/mol)
          Angle        LJ (SR)  Disper. corr.   Coulomb (SR)   Coul. recip.
    1.25305e+03   -2.65885e+02   -6.17834e+00   -1.80342e+00    1.47012e+00
 Position Rest.      Potential    Kinetic En.   Total Energy  Conserved En.
    7.03603e+02    1.68425e+03    2.68629e+03    4.37054e+03    2.89197e+03
    Temperature Pres. DC (bar) Pressure (bar)   Constr. rmsd
    2.94116e+02   -1.60666e+00    5.29629e+00    3.15976e-06

           Step           Time
          14500       29.00000

   Energies (kJ/mol)
          Angle        LJ (SR)  Disper. corr.   Coulomb (SR)   Coul. recip.
    1.15227e+03   -2.55324e+02   -6.17834e+00   -1.75652e+00    1.54890e+00
 Position Rest.      Potential    Kinetic En.   Total Energy  Conserved En.
    6.33820e+02    1.52438e+03    2.76018e+03    4.28456e+03    2.88013e+03
    Temperature Pres. DC (bar) Pressure (bar)   Constr. rmsd
    3.02206e+02   -1.60666e+00   -7.25709e+01    3.79531e-06

           Step           Time
          15000       30.00000

   Energies (kJ/mol)
          Angle        LJ (SR)  Disper. corr.   Coulomb (SR)   Coul. recip.
    1.16439e+03   -2.55598e+02   -6.17834e+00   -1.36172e+00    1.41514e+00
 Position Rest.      Potential    Kinetic En.   Total Energy  Conserved En.
    7.39462e+02    1.64213e+03    2.68572e+03    4.32785e+03    2.88160e+03
    Temperature Pres. DC (bar) Pressure (bar)   Constr. rmsd
    2.94053e+02   -1.60666e+00   -1.04119e+02    4.12529e-06

           Step           Time
          15500       31.00000

   Energies (kJ/mol)
          Angle        LJ (SR)  Disper. corr.   Coulomb (SR)   Coul. recip.
    1.25352e+03   -2.57369e+02   -6.17834e+00   -1.59634e+00    1.40456e+00
 Position Rest.      Potential    Kinetic En.   Total Energy  Conserved En.
    7.08332e+02    1.69811e+03    2.77735e+03    4.47546e+03    2.88890e+03
    Temperature Pres. DC (bar) Pressure (bar)   Constr. rmsd
    3.04086e+02   -1.60666e+00    6.22459e+01    3.57947e-06

           Step           Time
          16000       32.00000

   Energies (kJ/mol)
          Angle        LJ (SR)  Disper. corr.   Coulomb (SR)   Coul. recip.
    1.22682e+03   -2.64392e+02   -6.17834e+00   -1.77620e+00    1.46345e+00
 Position Rest.      Potential    Kinetic En.   Total Energy  Conserved En.
    7.07714e+02    1.66365e+03    2.62511e+03    4.28876e+03    2.89123e+03
    Temperature Pres. DC (bar) Pressure (bar)   Constr. rmsd
    2.87418e+02   -1.60666e+00   -8.97479e+01    3.49833e-06

           Step           Time
          16500       33.00000

   Energies (kJ/mol)
          Angle        LJ (SR)  Disper. corr.   Coulomb (SR)   Coul. recip.
    1.19299e+03   -2.55974e+02   -6.17834e+00   -1.52364e+00    1.36237e+00
 Position Rest.      Potential    Kinetic En.   Total Energy  Conserved En.
    6.79297e+02    1.60997e+03    2.82864e+03    4.43861e+03    2.88495e+03
    Temperature Pres. DC (bar) Pressure (bar)   Constr. rmsd
    3.09701e+02   -1.60666e+00   -1.02954e+02    4.19159e-06

           Step           Time
          17000       34.00000

   Energies (kJ/mol)
          Angle        LJ (SR)  Disper. corr.   Coulomb (SR)   Coul. recip.
    1.26512e+03   -2.66833e+02   -6.17834e+00   -1.18576e+00    1.44835e+00
 Position Rest.      Potential    Kinetic En.   Total Energy  Conserved En.
    7.22407e+02    1.71478e+03    2.82510e+03    4.53987e+03    2.89107e+03
    Temperature Pres. DC (bar) Pressure (bar)   Constr. rmsd
    3.09314e+02   -1.60666e+00    4.29275e+00    4.09989e-06

           Step           Time
          17500       35.00000

   Energies (kJ/mol)
          Angle        LJ (SR)  Disper. corr.   Coulomb (SR)   Coul. recip.
    1.22190e+03   -2.70249e+02   -6.17834e+00   -1.80031e+00    1.46868e+00
 Position Rest.      Potential    Kinetic En.   Total Energy  Conserved En.
    6.80350e+02    1.62549e+03    2.62570e+03    4.25119e+03    2.89483e+03
    Temperature Pres. DC (bar) Pressure (bar)   Constr. rmsd
    2.87482e+02   -1.60666e+00    5.29516e+01    3.12619e-06

           Step           Time
          18000       36.00000

   Energies (kJ/mol)
          Angle        LJ (SR)  Disper. corr.   Coulomb (SR)   Coul. recip.
    1.22673e+03   -2.61342e+02   -6.17834e+00   -1.89198e+00    1.39904e+00
 Position Rest.      Potential    Kinetic En.   Total Energy  Conserved En.
    7.30815e+02    1.68953e+03    2.73749e+03    4.42703e+03    2.89105e+03
    Temperature Pres. DC (bar) Pressure (bar)   Constr. rmsd
    2.99722e+02   -1.60666e+00   -9.93711e+01    4.07502e-06

           Step           Time
          18500       37.00000

   Energies (kJ/mol)
          Angle        LJ (SR)  Disper. corr.   Coulomb (SR)   Coul. recip.
    1.30811e+03   -2.46232e+02   -6.17834e+00   -1.64828e+00    1.43194e+00
 Position Rest.      Potential    Kinetic En.   Total Energy  Conserved En.
    7.19468e+02    1.77495e+03    2.70174e+03    4.47669e+03    2.89750e+03
    Temperature Pres. DC (bar) Pressure (bar)   Constr. rmsd
    2.95807e+02   -1.60666e+00   -8.61802e+01    3.81535e-06

           Step           Time
          19000       38.00000

   Energies (kJ/mol)
          Angle        LJ (SR)  Disper. corr.   Coulomb (SR)   Coul. recip.
    1.24985e+03   -2.47386e+02   -6.17834e+00   -1.39466e+00    1.41194e+00
 Position Rest.      Potential    Kinetic En.   Total Energy  Conserved En.
    6.91833e+02    1.68813e+03    2.82506e+03    4.51320e+03    2.88668e+03
    Temperature Pres. DC (bar) Pressure (bar)   Constr. rmsd
    3.09310e+02   -1.60666e+00   -1.15396e+01    3.73333e-06

           Step           Time
          19500       39.00000

   Energies (kJ/mol)
          Angle        LJ (SR)  Disper. corr.   Coulomb (SR)   Coul. recip.
    1.26437e+03   -2.62277e+02   -6.17834e+00   -1.47238e+00    1.36287e+00
 Position Rest.      Potential    Kinetic En.   Total Energy  Conserved En.
    6.79055e+02    1.67486e+03    2.80145e+03    4.47632e+03    2.89268e+03
    Temperature Pres. DC (bar) Pressure (bar)   Constr. rmsd
    3.06725e+02   -1.60666e+00    1.34411e+02    3.86211e-06

           Step           Time
          20000       40.00000

   Energies (kJ/mol)
          Angle        LJ (SR)  Disper. corr.   Coulomb (SR)   Coul. recip.
    1.19803e+03   -2.62529e+02   -6.17834e+00   -1.69003e+00    1.45711e+00
 Position Rest.      Potential    Kinetic En.   Total Energy  Conserved En.
    7.05268e+02    1.63435e+03    2.71174e+03    4.34609e+03    2.88888e+03
    Temperature Pres. DC (bar) Pressure (bar)   Constr. rmsd
    2.96902e+02   -1.60666e+00   -5.95196e+01    4.05517e-06

           Step           Time
          20500       41.00000

   Energies (kJ/mol)
          Angle        LJ (SR)  Disper. corr.   Coulomb (SR)   Coul. recip.
    1.26240e+03   -2.59801e+02   -6.17834e+00   -1.38551e+00    1.45670e+00
 Position Rest.      Potential    Kinetic En.   Total Energy  Conserved En.
    7.14582e+02    1.71107e+03    2.76455e+03    4.47562e+03    2.89190e+03
    Temperature Pres. DC (bar) Pressure (bar)   Constr. rmsd
    3.02684e+02   -1.60666e+00   -2.14049e+00    3.70388e-06

           Step           Time
          21000       42.00000

   Energies (kJ/mol)
          Angle        LJ (SR)  Disper. corr.   Coulomb (SR)   Coul. recip.
    1.23683e+03   -2.50403e+02   -6.17834e+00   -1.44950e+00    1.41270e+00
 Position Rest.      Potential    Kinetic En.   Total Energy  Conserved En.
    6.93135e+02    1.67334e+03    2.78809e+03    4.46144e+03    2.88988e+03
    Temperature Pres. DC (bar) Pressure (bar)   Constr. rmsd
    3.05262e+02   -1.60666e+00   -4.26015e+01    4.07176e-06

           Step           Time
          21500       43.00000

   Energies (kJ/mol)
          Angle        LJ (SR)  Disper. corr.   Coulomb (SR)   Coul. recip.
    1.21280e+03   -2.51784e+02   -6.17834e+00   -1.61644e+00    1.43176e+00
 Position Rest.      Potential    Kinetic En.   Total Energy  Conserved En.
    7.04939e+02    1.65959e+03    2.56304e+03    4.22263e+03    2.89583e+03
    Temperature Pres. DC (bar) Pressure (bar)   Constr. rmsd
    2.80622e+02   -1.60666e+00    3.39709e+01    3.48240e-06

           Step           Time
          22000       44.00000

   Energies (kJ/mol)
          Angle        LJ (SR)  Disper. corr.   Coulomb (SR)   Coul. recip.
    1.26063e+03   -2.52628e+02   -6.17834e+00   -2.22341e+00    1.43750e+00
 Position Rest.      Potential    Kinetic En.   Total Energy  Conserved En.
    6.37699e+02    1.63874e+03    2.66960e+03    4.30833e+03    2.89828e+03
    Temperature Pres. DC (bar) Pressure (bar)   Constr. rmsd
    2.92288e+02   -1.60666e+00    5.43586e+01    3.93471e-06

           Step           Time
          22500       45.00000

   Energies (kJ/mol)
          Angle        LJ (SR)  Disper. corr.   Coulomb (SR)   Coul. recip.
    1.31221e+03   -2.47489e+02   -6.17834e+00   -1.81655e+00    1.48397e+00
 Position Rest.      Potential    Kinetic En.   Total Energy  Conserved En.
    7.02697e+02    1.76091e+03    2.69410e+03    4.45501e+03    2.89931e+03
    Temperature Pres. DC (bar) Pressure (bar)   Constr. rmsd
    2.94971e+02   -1.60666e+00   -3.08922e+01    3.52149e-06

           Step           Time
          23000       46.00000

   Energies (kJ/mol)
          Angle        LJ (SR)  Disper. corr.   Coulomb (SR)   Coul. recip.
    1.21184e+03   -2.43581e+02   -6.17834e+00   -1.57365e+00    1.42481e+00
 Position Rest.      Potential    Kinetic En.   Total Energy  Conserved En.
    7.07636e+02    1.66957e+03    2.70445e+03    4.37402e+03    2.89352e+03
    Temperature Pres. DC (bar) Pressure (bar)   Constr. rmsd
    2.96104e+02   -1.60666e+00    6.27780e+00    3.41510e-06

           Step           Time
          23500       47.00000

   Energies (kJ/mol)
          Angle        LJ (SR)  Disper. corr.   Coulomb (SR)   Coul. recip.
    1.24317e+03   -2.53500e+02   -6.17834e+00   -1.39840e+00    1.43988e+00
 Position Rest.      Potential    Kinetic En.   Total Energy  Conserved En.
    6.84064e+02    1.66759e+03    2.80913e+03    4.47672e+03    2.89429e+03
    Temperature Pres. DC (bar) Pressure (bar)   Constr. rmsd
    3.07565e+02   -1.60666e+00   -5.34204e+01    3.52932e-06

           Step           Time
          24000       48.00000

   Energies (kJ/mol)
          Angle        LJ (SR)  Disper. corr.   Coulomb (SR)   Coul. recip.
    1.24181e+03   -2.50042e+02   -6.17834e+00   -1.43801e+00    1.44346e+00
 Position Rest.      Potential    Kinetic En.   Total Energy  Conserved En.
    6.79058e+02    1.66465e+03    2.71198e+03    4.37664e+03    2.89774e+03
    Temperature Pres. DC (bar) Pressure (bar)   Constr. rmsd
    2.96929e+02   -1.60666e+00    5.74406e+01    4.03163e-06

           Step           Time
          24500       49.00000

   Energies (kJ/mol)
          Angle        LJ (SR)  Disper. corr.   Coulomb (SR)   Coul. recip.
    1.26294e+03   -2.50109e+02   -6.17834e+00   -1.92521e+00    1.39501e+00
 Position Rest.      Potential    Kinetic En.   Total Energy  Conserved En.
    6.79528e+02    1.68565e+03    2.71547e+03    4.40112e+03    2.89658e+03
    Temperature Pres. DC (bar) Pressure (bar)   Constr. rmsd
    2.97311e+02   -1.60666e+00    8.80593e+01    3.79760e-06

           Step           Time
          25000       50.00000

   Energies (kJ/mol)
          Angle        LJ (SR)  Disper. corr.   Coulomb (SR)   Coul. recip.
    1.28219e+03   -2.40866e+02   -6.17834e+00   -1.87502e+00    1.53927e+00
 Position Rest.      Potential    Kinetic En.   Total Energy  Conserved En.
    6.75974e+02    1.71078e+03    2.54380e+03    4.25457e+03    2.90240e+03
    Temperature Pres. DC (bar) Pressure (bar)   Constr. rmsd
    2.78515e+02   -1.60666e+00    7.46891e+01    3.70579e-06

           Step           Time
          25500       51.00000

   Energies (kJ/mol)
          Angle        LJ (SR)  Disper. corr.   Coulomb (SR)   Coul. recip.
    1.27329e+03   -2.69790e+02   -6.17834e+00   -1.41487e+00    1.51490e+00
 Position Rest.      Potential    Kinetic En.   Total Energy  Conserved En.
    6.39514e+02    1.63693e+03    2.70657e+03    4.34350e+03    2.89966e+03
    Temperature Pres. DC (bar) Pressure (bar)   Constr. rmsd
    2.96336e+02   -1.60666e+00   -8.08938e+01    3.34873e-06

           Step           Time
          26000       52.00000

   Energies (kJ/mol)
          Angle        LJ (SR)  Disper. corr.   Coulomb (SR)   Coul. recip.
    1.14694e+03   -2.70928e+02   -6.17834e+00   -1.55090e+00    1.41480e+00
 Position Rest.      Potential    Kinetic En.   Total Energy  Conserved En.
    7.23199e+02    1.59290e+03    2.76708e+03    4.35998e+03    2.88408e+03
    Temperature Pres. DC (bar) Pressure (bar)   Constr. rmsd
    3.02962e+02   -1.60666e+00   -1.93756e+02    3.82710e-06

           Step           Time
          26500       53.00000

   Energies (kJ/mol)
          Angle        LJ (SR)  Disper. corr.   Coulomb (SR)   Coul. recip.
    1.17493e+03   -2.68452e+02   -6.17834e+00   -1.84752e+00    1.42105e+00
 Position Rest.      Potential    Kinetic En.   Total Energy  Conserved En.
    6.66614e+02    1.56649e+03    2.74746e+03    4.31394e+03    2.88854e+03
    Temperature Pres. DC (bar) Pressure (bar)   Constr. rmsd
    3.00813e+02   -1.60666e+00    1.68270e+01    3.81686e-06

           Step           Time
          27000       54.00000

   Energies (kJ/mol)
          Angle        LJ (SR)  Disper. corr.   Coulomb (SR)   Coul. recip.
    1.32342e+03   -2.58531e+02   -6.17834e+00   -1.94334e+00    1.34727e+00
 Position Rest.      Potential    Kinetic En.   Total Energy  Conserved En.
    7.04196e+02    1.76231e+03    2.63842e+03    4.40072e+03    2.90840e+03
    Temperature Pres. DC (bar) Pressure (bar)   Constr. rmsd
    2.88874e+02   -1.60666e+00    1.14798e+02    3.59206e-06

           Step           Time
          27500       55.00000

   Energies (kJ/mol)
          Angle        LJ (SR)  Disper. corr.   Coulomb (SR)   Coul. recip.
    1.27103e+03   -2.63754e+02   -6.17834e+00   -1.14120e+00    1.40898e+00
 Position Rest.      Potential    Kinetic En.   Total Energy  Conserved En.
    7.29493e+02    1.73086e+03    2.71570e+03    4.44656e+03    2.89742e+03
    Temperature Pres. DC (bar) Pressure (bar)   Constr. rmsd
    2.97336e+02   -1.60666e+00   -7.20043e+01    4.11041e-06

           Step           Time
          28000       56.00000

   Energies (kJ/mol)
          Angle        LJ (SR)  Disper. corr.   Coulomb (SR)   Coul. recip.
    1.25260e+03   -2.76719e+02   -6.17834e+00   -1.96276e+00    1.49799e+00
 Position Rest.      Potential    Kinetic En.   Total Energy  Conserved En.
    7.30915e+02    1.70016e+03    2.61680e+03    4.31696e+03    2.89949e+03
    Temperature Pres. DC (bar) Pressure (bar)   Constr. rmsd
    2.86508e+02   -1.60666e+00   -3.51071e+01    3.29150e-06

           Step           Time
          28500       57.00000

   Energies (kJ/mol)
          Angle        LJ (SR)  Disper. corr.   Coulomb (SR)   Coul. recip.
    1.17053e+03   -2.62865e+02   -6.17834e+00   -1.42397e+00    1.45434e+00
 Position Rest.      Potential    Kinetic En.   Total Energy  Conserved En.
    7.52960e+02    1.65448e+03    2.87717e+03    4.53165e+03    2.88493e+03
    Temperature Pres. DC (bar) Pressure (bar)   Constr. rmsd
    3.15015e+02   -1.60666e+00    1.58137e+01    3.57335e-06

           Step           Time
          29000       58.00000

   Energies (kJ/mol)
          Angle        LJ (SR)  Disper. corr.   Coulomb (SR)   Coul. recip.
    1.21686e+03   -2.54353e+02   -6.17834e+00   -1.33170e+00    1.42759e+00
 Position Rest.      Potential    Kinetic En.   Total Energy  Conserved En.
    6.75406e+02    1.63183e+03    2.66816e+03    4.29999e+03    2.89604e+03
    Temperature Pres. DC (bar) Pressure (bar)   Constr. rmsd
    2.92131e+02   -1.60666e+00    8.20152e+01    3.49947e-06

           Step           Time
          29500       59.00000

   Energies (kJ/mol)
          Angle        LJ (SR)  Disper. corr.   Coulomb (SR)   Coul. recip.
    1.18445e+03   -2.55524e+02   -6.17834e+00   -1.26177e+00    1.45121e+00
 Position Rest.      Potential    Kinetic En.   Total Energy  Conserved En.
    6.96852e+02    1.61979e+03    2.70165e+03    4.32144e+03    2.89219e+03
    Temperature Pres. DC (bar) Pressure (bar)   Constr. rmsd
    2.95798e+02   -1.60666e+00   -4.47601e+01    3.89237e-06

           Step           Time
          30000       60.00000

   Energies (kJ/mol)
          Angle        LJ (SR)  Disper. corr.   Coulomb (SR)   Coul. recip.
    1.33319e+03   -2.34485e+02   -6.17834e+00   -1.60149e+00    1.46371e+00
 Position Rest.      Potential    Kinetic En.   Total Energy  Conserved En.
    7.29910e+02    1.82230e+03    2.86440e+03    4.68670e+03    2.89930e+03
    Temperature Pres. DC (bar) Pressure (bar)   Constr. rmsd
    3.13617e+02   -1.60666e+00   -3.28885e+01    3.75506e-06

           Step           Time
          30500       61.00000

   Energies (kJ/mol)
          Angle        LJ (SR)  Disper. corr.   Coulomb (SR)   Coul. recip.
    1.28352e+03   -2.51786e+02   -6.17834e+00   -1.29780e+00    1.37851e+00
 Position Rest.      Potential    Kinetic En.   Total Energy  Conserved En.
    7.74155e+02    1.79979e+03    2.73547e+03    4.53526e+03    2.89804e+03
    Temperature Pres. DC (bar) Pressure (bar)   Constr. rmsd
    2.99501e+02   -1.60666e+00    5.23724e+01    3.54554e-06

           Step           Time
          31000       62.00000

   Energies (kJ/mol)
          Angle        LJ (SR)  Disper. corr.   Coulomb (SR)   Coul. recip.
    1.24122e+03   -2.54284e+02   -6.17834e+00   -1.66950e+00    1.45024e+00
 Position Rest.      Potential    Kinetic En.   Total Energy  Conserved En.
    6.75378e+02    1.65592e+03    2.93622e+03    4.59214e+03    2.89279e+03
    Temperature Pres. DC (bar) Pressure (bar)   Constr. rmsd
    3.21481e+02   -1.60666e+00    3.12778e+01    4.11616e-06

           Step           Time
          31500       63.00000

   Energies (kJ/mol)
          Angle        LJ (SR)  Disper. corr.   Coulomb (SR)   Coul. recip.
    1.29981e+03   -2.69888e+02   -6.17834e+00   -1.90467e+00    1.40157e+00
 Position Rest.      Potential    Kinetic En.   Total Energy  Conserved En.
    8.22727e+02    1.84597e+03    2.66649e+03    4.51246e+03    2.89963e+03
    Temperature Pres. DC (bar) Pressure (bar)   Constr. rmsd
    2.91948e+02   -1.60666e+00   -1.38618e+02    3.82063e-06

           Step           Time
          32000       64.00000

   Energies (kJ/mol)
          Angle        LJ (SR)  Disper. corr.   Coulomb (SR)   Coul. recip.
    1.27430e+03   -2.53919e+02   -6.17834e+00   -1.63280e+00    1.37928e+00
 Position Rest.      Potential    Kinetic En.   Total Energy  Conserved En.
    7.08510e+02    1.72245e+03    2.63139e+03    4.35384e+03    2.89749e+03
    Temperature Pres. DC (bar) Pressure (bar)   Constr. rmsd
    2.88105e+02   -1.60666e+00   -3.24040e+01    3.32478e-06

           Step           Time
          32500       65.00000

   Energies (kJ/mol)
          Angle        LJ (SR)  Disper. corr.   Coulomb (SR)   Coul. recip.
    1.29525e+03   -2.58781e+02   -6.17834e+00   -1.28327e+00    1.45403e+00
 Position Rest.      Potential    Kinetic En.   Total Energy  Conserved En.
    7.19836e+02    1.75030e+03    2.83733e+03    4.58763e+03    2.89620e+03
    Temperature Pres. DC (bar) Pressure (bar)   Constr. rmsd
    3.10653e+02   -1.60666e+00   -4.05349e-02    3.69077e-06

           Step           Time
          33000       66.00000

   Energies (kJ/mol)
          Angle        LJ (SR)  Disper. corr.   Coulomb (SR)   Coul. recip.
    1.28728e+03   -2.61182e+02   -6.17834e+00   -1.64890e+00    1.39628e+00
 Position Rest.      Potential    Kinetic En.   Total Energy  Conserved En.
    7.07353e+02    1.72702e+03    2.68575e+03    4.41277e+03    2.89852e+03
    Temperature Pres. DC (bar) Pressure (bar)   Constr. rmsd
    2.94057e+02   -1.60666e+00    6.81967e+01    3.56760e-06

           Step           Time
          33500       67.00000

   Energies (kJ/mol)
          Angle        LJ (SR)  Disper. corr.   Coulomb (SR)   Coul. recip.
    1.21435e+03   -2.64398e+02   -6.17834e+00   -1.66675e+00    1.40627e+00
 Position Rest.      Potential    Kinetic En.   Total Energy  Conserved En.
    6.76727e+02    1.62024e+03    2.69151e+03    4.31175e+03    2.89083e+03
    Temperature Pres. DC (bar) Pressure (bar)   Constr. rmsd
    2.94687e+02   -1.60666e+00   -1.11260e+02    3.50197e-06

           Step           Time
          34000       68.00000

   Energies (kJ/mol)
          Angle        LJ (SR)  Disper. corr.   Coulomb (SR)   Coul. recip.
    1.28094e+03   -2.50381e+02   -6.17834e+00   -1.87085e+00    1.50051e+00
 Position Rest.      Potential    Kinetic En.   Total Energy  Conserved En.
    7.53699e+02    1.77771e+03    2.61866e+03    4.39637e+03    2.89618e+03
    Temperature Pres. DC (bar) Pressure (bar)   Constr. rmsd
    2.86711e+02   -1.60666e+00   -7.68987e+01    3.15884e-06

           Step           Time
          34500       69.00000

   Energies (kJ/mol)
          Angle        LJ (SR)  Disper. corr.   Coulomb (SR)   Coul. recip.
    1.30331e+03   -2.52316e+02   -6.17834e+00   -1.83264e+00    1.44311e+00
 Position Rest.      Potential    Kinetic En.   Total Energy  Conserved En.
    6.82089e+02    1.72652e+03    2.85027e+03    4.57679e+03    2.89869e+03
    Temperature Pres. DC (bar) Pressure (bar)   Constr. rmsd
    3.12070e+02   -1.60666e+00    1.75058e+02    3.65003e-06

           Step           Time
          35000       70.00000

   Energies (kJ/mol)
          Angle        LJ (SR)  Disper. corr.   Coulomb (SR)   Coul. recip.
    1.19813e+03   -2.56893e+02   -6.17834e+00   -1.68729e+00    1.51248e+00
 Position Rest.      Potential    Kinetic En.   Total Energy  Conserved En.
    7.43919e+02    1.67880e+03    2.70150e+03    4.38030e+03    2.89188e+03
    Temperature Pres. DC (bar) Pressure (bar)   Constr. rmsd
    2.95781e+02   -1.60666e+00    3.79092e+01    3.61050e-06

           Step           Time
          35500       71.00000

   Energies (kJ/mol)
          Angle        LJ (SR)  Disper. corr.   Coulomb (SR)   Coul. recip.
    1.17763e+03   -2.70586e+02   -6.17834e+00   -1.59185e+00    1.39031e+00
 Position Rest.      Potential    Kinetic En.   Total Energy  Conserved En.
    7.43927e+02    1.64459e+03    2.88376e+03    4.52835e+03    2.88284e+03
    Temperature Pres. DC (bar) Pressure (bar)   Constr. rmsd
    3.15736e+02   -1.60666e+00   -2.08443e+02    4.47738e-06

           Step           Time
          36000       72.00000

   Energies (kJ/mol)
          Angle        LJ (SR)  Disper. corr.   Coulomb (SR)   Coul. recip.
    1.28615e+03   -2.61515e+02   -6.17834e+00   -1.69046e+00    1.42477e+00
 Position Rest.      Potential    Kinetic En.   Total Energy  Conserved En.
    7.42254e+02    1.76045e+03    2.86806e+03    4.62850e+03    2.89262e+03
    Temperature Pres. DC (bar) Pressure (bar)   Constr. rmsd
    3.14017e+02   -1.60666e+00    1.61839e+01    4.16374e-06

           Step           Time
          36500       73.00000

   Energies (kJ/mol)
          Angle        LJ (SR)  Disper. corr.   Coulomb (SR)   Coul. recip.
    1.26141e+03   -2.50693e+02   -6.17834e+00   -1.23950e+00    1.46110e+00
 Position Rest.      Potential    Kinetic En.   Total Energy  Conserved En.
    7.74037e+02    1.77880e+03    2.89762e+03    4.67642e+03    2.88566e+03
    Temperature Pres. DC (bar) Pressure (bar)   Constr. rmsd
    3.17254e+02   -1.60666e+00    1.21328e+02    3.62137e-06

           Step           Time
          37000       74.00000

   Energies (kJ/mol)
          Angle        LJ (SR)  Disper. corr.   Coulomb (SR)   Coul. recip.
    1.25498e+03   -2.33654e+02   -6.17834e+00   -1.36068e+00    1.43358e+00
 Position Rest.      Potential    Kinetic En.   Total Energy  Conserved En.
    7.18702e+02    1.73392e+03    2.76641e+03    4.50033e+03    2.88965e+03
    Temperature Pres. DC (bar) Pressure (bar)   Constr. rmsd
    3.02888e+02   -1.60666e+00    5.22779e+01    4.28472e-06

           Step           Time
          37500       75.00000

   Energies (kJ/mol)
          Angle        LJ (SR)  Disper. corr.   Coulomb (SR)   Coul. recip.
    1.29593e+03   -2.56417e+02   -6.17834e+00   -1.73032e+00    1.47733e+00
 Position Rest.      Potential    Kinetic En.   Total Energy  Conserved En.
    7.25513e+02    1.75860e+03    2.66407e+03    4.42267e+03    2.89505e+03
    Temperature Pres. DC (bar) Pressure (bar)   Constr. rmsd
    2.91683e+02   -1.60666e+00   -1.42461e+02    3.70105e-06

           Step           Time
          38000       76.00000

   Energies (kJ/mol)
          Angle        LJ (SR)  Disper. corr.   Coulomb (SR)   Coul. recip.
    1.31743e+03   -2.58166e+02   -6.17834e+00   -1.59935e+00    1.49285e+00
 Position Rest.      Potential    Kinetic En.   Total Energy  Conserved En.
    7.43713e+02    1.79669e+03    2.77729e+03    4.57399e+03    2.89793e+03
    Temperature Pres. DC (bar) Pressure (bar)   Constr. rmsd
    3.04080e+02   -1.60666e+00   -2.11147e+01    3.68925e-06

           Step           Time
          38500       77.00000

   Energies (kJ/mol)
          Angle        LJ (SR)  Disper. corr.   Coulomb (SR)   Coul. recip.
    1.31047e+03   -2.57347e+02   -6.17834e+00   -1.70539e+00    1.49886e+00
 Position Rest.      Potential    Kinetic En.   Total Energy  Conserved En.
    7.22622e+02    1.76936e+03    2.86732e+03    4.63669e+03    2.89474e+03
    Temperature Pres. DC (bar) Pressure (bar)   Constr. rmsd
    3.13937e+02   -1.60666e+00    2.03010e+02    3.50151e-06

           Step           Time
          39000       78.00000

   Energies (kJ/mol)
          Angle        LJ (SR)  Disper. corr.   Coulomb (SR)   Coul. recip.
    1.25338e+03   -2.60605e+02   -6.17834e+00   -1.76934e+00    1.47073e+00
 Position Rest.      Potential    Kinetic En.   Total Energy  Conserved En.
    7.81900e+02    1.76820e+03    2.72636e+03    4.49456e+03    2.89314e+03
    Temperature Pres. DC (bar) Pressure (bar)   Constr. rmsd
    2.98503e+02   -1.60666e+00   -7.67764e+01    4.04955e-06

           Step           Time
          39500       79.00000

   Energies (kJ/mol)
          Angle        LJ (SR)  Disper. corr.   Coulomb (SR)   Coul. recip.
    1.34432e+03   -2.59405e+02   -6.17834e+00   -1.62351e+00    1.48607e+00
 Position Rest.      Potential    Kinetic En.   Total Energy  Conserved En.
    6.97395e+02    1.77600e+03    2.86336e+03    4.63936e+03    2.89929e+03
    Temperature Pres. DC (bar) Pressure (bar)   Constr. rmsd
    3.13503e+02   -1.60666e+00   -8.96432e+01    3.78243e-06

           Step           Time
          40000       80.00000

   Energies (kJ/mol)
          Angle        LJ (SR)  Disper. corr.   Coulomb (SR)   Coul. recip.
    1.36507e+03   -2.62628e+02   -6.17834e+00   -1.66640e+00    1.48499e+00
 Position Rest.      Potential    Kinetic En.   Total Energy  Conserved En.
    7.61968e+02    1.85805e+03    2.61653e+03    4.47458e+03    2.91263e+03
    Temperature Pres. DC (bar) Pressure (bar)   Constr. rmsd
    2.86478e+02   -1.60666e+00    1.05080e+01    3.35974e-06

           Step           Time
          40500       81.00000

   Energies (kJ/mol)
          Angle        LJ (SR)  Disper. corr.   Coulomb (SR)   Coul. recip.
    1.34883e+03   -2.47832e+02   -6.17834e+00   -1.53081e+00    1.48051e+00
 Position Rest.      Potential    Kinetic En.   Total Energy  Conserved En.
    6.42093e+02    1.73686e+03    2.83583e+03    4.57269e+03    2.90806e+03
    Temperature Pres. DC (bar) Pressure (bar)   Constr. rmsd
    3.10489e+02   -1.60666e+00    1.32281e+02    3.49795e-06

           Step           Time
          41000       82.00000

   Energies (kJ/mol)
          Angle        LJ (SR)  Disper. corr.   Coulomb (SR)   Coul. recip.
    1.39522e+03   -2.65894e+02   -6.17834e+00   -1.50686e+00    1.42175e+00
 Position Rest.      Potential    Kinetic En.   Total Energy  Conserved En.
    8.24660e+02    1.94772e+03    2.78690e+03    4.73463e+03    2.91048e+03
    Temperature Pres. DC (bar) Pressure (bar)   Constr. rmsd
    3.05132e+02   -1.60666e+00   -7.02713e+01    4.10034e-06

           Step           Time
          41500       83.00000

   Energies (kJ/mol)
          Angle        LJ (SR)  Disper. corr.   Coulomb (SR)   Coul. recip.
    1.25149e+03   -2.75723e+02   -6.17834e+00   -1.62011e+00    1.44986e+00
 Position Rest.      Potential    Kinetic En.   Total Energy  Conserved En.
    6.63134e+02    1.63256e+03    2.66149e+03    4.29405e+03    2.90501e+03
    Temperature Pres. DC (bar) Pressure (bar)   Constr. rmsd
    2.91401e+02   -1.60666e+00   -1.09656e+02    3.25512e-06

           Step           Time
          42000       84.00000

   Energies (kJ/mol)
          Angle        LJ (SR)  Disper. corr.   Coulomb (SR)   Coul. recip.
    1.30984e+03   -2.51188e+02   -6.17834e+00   -1.54862e+00    1.44834e+00
 Position Rest.      Potential    Kinetic En.   Total Energy  Conserved En.
    7.38385e+02    1.79076e+03    2.60545e+03    4.39621e+03    2.91079e+03
    Temperature Pres. DC (bar) Pressure (bar)   Constr. rmsd
    2.85265e+02   -1.60666e+00    7.45191e+00    3.54177e-06

           Step           Time
          42500       85.00000

   Energies (kJ/mol)
          Angle        LJ (SR)  Disper. corr.   Coulomb (SR)   Coul. recip.
    1.22766e+03   -2.62328e+02   -6.17834e+00   -1.73612e+00    1.43603e+00
 Position Rest.      Potential    Kinetic En.   Total Energy  Conserved En.
    6.71246e+02    1.63010e+03    2.79029e+03    4.42038e+03    2.90026e+03
    Temperature Pres. DC (bar) Pressure (bar)   Constr. rmsd
    3.05502e+02   -1.60666e+00    1.26764e+02    3.94962e-06

           Step           Time
          43000       86.00000

   Energies (kJ/mol)
          Angle        LJ (SR)  Disper. corr.   Coulomb (SR)   Coul. recip.
    1.23716e+03   -2.70247e+02   -6.17834e+00   -1.66935e+00    1.41057e+00
 Position Rest.      Potential    Kinetic En.   Total Energy  Conserved En.
    7.81577e+02    1.74205e+03    2.77887e+03    4.52092e+03    2.89844e+03
    Temperature Pres. DC (bar) Pressure (bar)   Constr. rmsd
    3.04252e+02   -1.60666e+00   -9.07453e+01    4.10803e-06

           Step           Time
          43500       87.00000

   Energies (kJ/mol)
          Angle        LJ (SR)  Disper. corr.   Coulomb (SR)   Coul. recip.
    1.30850e+03   -2.62230e+02   -6.17834e+00   -1.38296e+00    1.48922e+00
 Position Rest.      Potential    Kinetic En.   Total Energy  Conserved En.
    6.42462e+02    1.68266e+03    2.69938e+03    4.38204e+03    2.90894e+03
    Temperature Pres. DC (bar) Pressure (bar)   Constr. rmsd
    2.95549e+02   -1.60666e+00   -1.16369e+02    3.44477e-06

           Step           Time
          44000       88.00000

   Energies (kJ/mol)
          Angle        LJ (SR)  Disper. corr.   Coulomb (SR)   Coul. recip.
    1.32452e+03   -2.61422e+02   -6.17834e+00   -1.96735e+00    1.37968e+00
 Position Rest.      Potential    Kinetic En.   Total Energy  Conserved En.
    7.63410e+02    1.81974e+03    2.74747e+03    4.56722e+03    2.90705e+03
    Temperature Pres. DC (bar) Pressure (bar)   Constr. rmsd
    3.00815e+02   -1.60666e+00    1.00614e+01    3.52677e-06

           Step           Time
          44500       89.00000

   Energies (kJ/mol)
          Angle        LJ (SR)  Disper. corr.   Coulomb (SR)   Coul. recip.
    1.22452e+03   -2.58435e+02   -6.17834e+00   -1.18364e+00    1.39737e+00
 Position Rest.      Potential    Kinetic En.   Total Energy  Conserved En.
    6.98702e+02    1.65882e+03    2.69275e+03    4.35158e+03    2.90141e+03
    Temperature Pres. DC (bar) Pressure (bar)   Constr. rmsd
    2.94824e+02   -1.60666e+00    1.62081e+02    3.68050e-06

           Step           Time
          45000       90.00000

   Energies (kJ/mol)
          Angle        LJ (SR)  Disper. corr.   Coulomb (SR)   Coul. recip.
    1.34335e+03   -2.37433e+02   -6.17834e+00   -1.35660e+00    1.49112e+00
 Position Rest.      Potential    Kinetic En.   Total Energy  Conserved En.
    6.79977e+02    1.77985e+03    2.83401e+03    4.61386e+03    2.90788e+03
    Temperature Pres. DC (bar) Pressure (bar)   Constr. rmsd
    3.10290e+02   -1.60666e+00    1.14642e+02    3.89027e-06

           Step           Time
          45500       91.00000

   Energies (kJ/mol)
          Angle        LJ (SR)  Disper. corr.   Coulomb (SR)   Coul. recip.
    1.30644e+03   -2.61744e+02   -6.17834e+00   -1.96657e+00    1.46177e+00
 Position Rest.      Potential    Kinetic En.   Total Energy  Conserved En.
    8.10742e+02    1.84876e+03    2.70024e+03    4.54900e+03    2.90929e+03
    Temperature Pres. DC (bar) Pressure (bar)   Constr. rmsd
    2.95644e+02   -1.60666e+00   -2.83019e+02    3.90286e-06

           Step           Time
          46000       92.00000

   Energies (kJ/mol)
          Angle        LJ (SR)  Disper. corr.   Coulomb (SR)   Coul. recip.
    1.29063e+03   -2.63854e+02   -6.17834e+00   -1.82388e+00    1.39785e+00
 Position Rest.      Potential    Kinetic En.   Total Energy  Conserved En.
    7.27003e+02    1.74717e+03    2.69300e+03    4.44018e+03    2.91131e+03
    Temperature Pres. DC (bar) Pressure (bar)   Constr. rmsd
    2.94851e+02   -1.60666e+00    4.81275e+01    3.67433e-06

           Step           Time
          46500       93.00000

   Energies (kJ/mol)
          Angle        LJ (SR)  Disper. corr.   Coulomb (SR)   Coul. recip.
    1.31841e+03   -2.33839e+02   -6.17834e+00   -1.14114e+00    1.39759e+00
 Position Rest.      Potential    Kinetic En.   Total Energy  Conserved En.
    7.80317e+02    1.85896e+03    2.78031e+03    4.63928e+03    2.90917e+03
    Temperature Pres. DC (bar) Pressure (bar)   Constr. rmsd
    3.04410e+02   -1.60666e+00    1.83784e+02    4.15261e-06

           Step           Time
          47000       94.00000

   Energies (kJ/mol)
          Angle        LJ (SR)  Disper. corr.   Coulomb (SR)   Coul. recip.
    1.27930e+03   -2.45270e+02   -6.17834e+00   -1.49375e+00    1.36180e+00
 Position Rest.      Potential    Kinetic En.   Total Energy  Conserved En.
    6.71795e+02    1.69952e+03    2.77219e+03    4.47171e+03    2.90996e+03
    Temperature Pres. DC (bar) Pressure (bar)   Constr. rmsd
    3.03521e+02   -1.60666e+00   -5.56286e+01    3.80334e-06

           Step           Time
          47500       95.00000

   Energies (kJ/mol)
          Angle        LJ (SR)  Disper. corr.   Coulomb (SR)   Coul. recip.
    1.27992e+03   -2.55407e+02   -6.17834e+00   -1.65646e+00    1.43120e+00
 Position Rest.      Potential    Kinetic En.   Total Energy  Conserved En.
    7.13959e+02    1.73207e+03    2.71712e+03    4.44920e+03    2.91273e+03
    Temperature Pres. DC (bar) Pressure (bar)   Constr. rmsd
    2.97492e+02   -1.60666e+00   -1.26525e+02    3.67223e-06

           Step           Time
          48000       96.00000

   Energies (kJ/mol)
          Angle        LJ (SR)  Disper. corr.   Coulomb (SR)   Coul. recip.
    1.36970e+03   -2.76122e+02   -6.17834e+00   -1.86926e+00    1.43950e+00
 Position Rest.      Potential    Kinetic En.   Total Energy  Conserved En.
    7.76071e+02    1.86305e+03    2.70423e+03    4.56727e+03    2.91953e+03
    Temperature Pres. DC (bar) Pressure (bar)   Constr. rmsd
    2.96080e+02   -1.60666e+00   -9.23826e+01    3.54584e-06

           Step           Time
          48500       97.00000

   Energies (kJ/mol)
          Angle        LJ (SR)  Disper. corr.   Coulomb (SR)   Coul. recip.
    1.29215e+03   -2.71201e+02   -6.17834e+00   -1.77434e+00    1.44432e+00
 Position Rest.      Potential    Kinetic En.   Total Energy  Conserved En.
    7.04726e+02    1.71916e+03    2.68043e+03    4.39959e+03    2.91318e+03
    Temperature Pres. DC (bar) Pressure (bar)   Constr. rmsd
    2.93475e+02   -1.60666e+00    3.10538e+01    3.72786e-06

           Step           Time
          49000       98.00000

   Energies (kJ/mol)
          Angle        LJ (SR)  Disper. corr.   Coulomb (SR)   Coul. recip.
    1.28792e+03   -2.60153e+02   -6.17834e+00   -1.70776e+00    1.46695e+00
 Position Rest.      Potential    Kinetic En.   Total Energy  Conserved En.
    7.43359e+02    1.76470e+03    2.82760e+03    4.59230e+03    2.90696e+03
    Temperature Pres. DC (bar) Pressure (bar)   Constr. rmsd
    3.09587e+02   -1.60666e+00   -5.53298e+01    3.80326e-06

           Step           Time
          49500       99.00000

   Energies (kJ/mol)
          Angle        LJ (SR)  Disper. corr.   Coulomb (SR)   Coul. recip.
    1.28041e+03   -2.48441e+02   -6.17834e+00   -1.76192e+00    1.41389e+00
 Position Rest.      Potential    Kinetic En.   Total Energy  Conserved En.
    6.93803e+02    1.71925e+03    2.70219e+03    4.42144e+03    2.91048e+03
    Temperature Pres. DC (bar) Pressure (bar)   Constr. rmsd
    2.95857e+02   -1.60666e+00   -9.65931e+01    3.97755e-06

           Step           Time
          50000      100.00000

Writing checkpoint, step 50000 at Wed Apr 13 16:35:04 2022


   Energies (kJ/mol)
          Angle        LJ (SR)  Disper. corr.   Coulomb (SR)   Coul. recip.
    1.32138e+03   -2.29578e+02   -6.17834e+00   -1.60344e+00    1.40274e+00
 Position Rest.      Potential    Kinetic En.   Total Energy  Conserved En.
    7.43646e+02    1.82907e+03    2.70377e+03    4.53284e+03    2.91246e+03
    Temperature Pres. DC (bar) Pressure (bar)   Constr. rmsd
    2.96030e+02   -1.60666e+00    6.79820e+01    3.90917e-06

	<======  ###############  ==>
	<====  A V E R A G E S  ====>
	<==  ###############  ======>

	Statistics over 50001 steps using 501 frames

   Energies (kJ/mol)
          Angle        LJ (SR)  Disper. corr.   Coulomb (SR)   Coul. recip.
    1.24592e+03   -2.53252e+02   -6.17834e+00   -1.59588e+00    1.43510e+00
 Position Rest.      Potential    Kinetic En.   Total Energy  Conserved En.
    7.02283e+02    1.68861e+03    2.74977e+03    4.43838e+03    2.89567e+03
    Temperature Pres. DC (bar) Pressure (bar)   Constr. rmsd
    3.01067e+02   -1.60666e+00   -1.54172e+00    0.00000e+00

   Total Virial (kJ/mol)
    9.35232e+02    6.93598e+00   -2.78736e+01
    6.93594e+00    8.58706e+02    1.33588e+01
   -2.78735e+01    1.33588e+01    9.64748e+02

   Pressure (bar)
   -9.22781e+00   -3.61715e+00    1.21457e+01
   -3.61713e+00    3.01200e+01   -9.10383e+00
    1.21456e+01   -9.10387e+00   -2.55173e+01


	M E G A - F L O P S   A C C O U N T I N G

 NB=Group-cutoff nonbonded kernels    NxN=N-by-N cluster Verlet kernels
 RF=Reaction-Field  VdW=Van der Waals  QSTab=quadratic-spline table
 W3=SPC/TIP3p  W4=TIP4p (single or pairs)
 V&F=Potential and force  V=Potential only  F=Force only

 Computing:                               M-Number         M-Flops  % Flops
-----------------------------------------------------------------------------
 Pair Search distance check              77.788642         700.098     0.1
 NxN Ewald Elec. + LJ [F]             10232.854632      675368.406    72.2
 NxN Ewald Elec. + LJ [V&F]             103.562256       11081.161     1.2
 NxN Ewald Elec. [F]                    387.870120       23660.077     2.5
 NxN Ewald Elec. [V&F]                    3.925680         329.757     0.0
 Calc Weights                           150.003000        5400.108     0.6
 Spread Q Bspline                      3200.064000        6400.128     0.7
 Gather F Bspline                      3200.064000       19200.384     2.1
 3D-FFT                               21768.435360      174147.483    18.6
 Solve PME                               31.250625        2000.040     0.2
 Shift-X                                  0.501000           3.006     0.0
 Angles                                  60.001200       10080.202     1.1
 Pos. Restr.                             10.000200         500.010     0.1
 Virial                                   0.523545           9.424     0.0
 Stop-CM                                  0.502000           5.020     0.0
 Calc-Ekin                               10.002000         270.054     0.0
 Lincs                                   40.002400        2400.144     0.3
 Lincs-Mat                              720.043200        2880.173     0.3
 Constraint-V                            80.003200         640.026     0.1
 Constraint-Vir                           0.400800           9.619     0.0
-----------------------------------------------------------------------------
 Total                                                  935085.319   100.0
-----------------------------------------------------------------------------


     R E A L   C Y C L E   A N D   T I M E   A C C O U N T I N G

On 1 MPI rank, each using 16 OpenMP threads

 Computing:          Num   Num      Call    Wall time         Giga-Cycles
                     Ranks Threads  Count      (s)         total sum    %
-----------------------------------------------------------------------------
 Neighbor search        1   16        501       0.090          3.743   0.6
 Force                  1   16      50001       4.305        179.090  28.5
 PME mesh               1   16      50001       6.735        280.174  44.6
 NB X/F buffer ops.     1   16      99501       1.420         59.078   9.4
 Write traj.            1   16        101       0.654         27.204   4.3
 Update                 1   16      50001       0.642         26.691   4.3
 Constraints            1   16      50003       0.852         35.444   5.6
 Rest                                           0.393         16.351   2.6
-----------------------------------------------------------------------------
 Total                                         15.091        627.775 100.0
-----------------------------------------------------------------------------
 Breakdown of PME mesh computation
-----------------------------------------------------------------------------
 PME spread             1   16      50001       1.817         75.585  12.0
 PME gather             1   16      50001       1.782         74.116  11.8
 PME 3D-FFT             1   16     100002       2.731        113.619  18.1
 PME solve Elec         1   16      50001       0.183          7.621   1.2
-----------------------------------------------------------------------------

               Core t (s)   Wall t (s)        (%)
       Time:      241.451       15.091     1600.0
                 (ns/day)    (hour/ns)
Performance:      572.547        0.042
Finished mdrun on rank 0 Wed Apr 13 16:35:05 2022

